[debug] [2019-07-22T09:32:44.678Z] ----------------------------------------------------------------------
[debug] [2019-07-22T09:32:44.681Z] Command:       C:\Program Files\nodejs\node.exe C:\Users\USER\AppData\Roaming\npm\node_modules\firebase-tools\lib\bin\firebase.js deploy
[debug] [2019-07-22T09:32:44.681Z] CLI Version:   7.0.1
[debug] [2019-07-22T09:32:44.681Z] Platform:      win32
[debug] [2019-07-22T09:32:44.681Z] Node Version:  v10.15.1
[debug] [2019-07-22T09:32:44.686Z] Time:          Mon Jul 22 2019 16:32:44 GMT+0700 (GMT+07:00)
[debug] [2019-07-22T09:32:44.686Z] ----------------------------------------------------------------------
[debug] 
[debug] [2019-07-22T09:32:44.697Z] > command requires scopes: ["email","openid","https://www.googleapis.com/auth/cloudplatformprojects.readonly","https://www.googleapis.com/auth/firebase","https://www.googleapis.com/auth/cloud-platform"]
[debug] [2019-07-22T09:32:44.698Z] > authorizing via signed-in user
[debug] [2019-07-22T09:32:44.698Z] [iam] checking project memo-chatbot for permissions ["firebase.projects.get","firebasehosting.sites.update"]
[debug] [2019-07-22T09:32:44.700Z] > refreshing access token with scopes: ["email","https://www.googleapis.com/auth/cloud-platform","https://www.googleapis.com/auth/cloudplatformprojects.readonly","https://www.googleapis.com/auth/firebase","openid"]
[debug] [2019-07-22T09:32:44.700Z] >>> HTTP REQUEST POST https://www.googleapis.com/oauth2/v3/token  
 <request body omitted>
[debug] [2019-07-22T09:32:44.904Z] <<< HTTP RESPONSE 200
[debug] [2019-07-22T09:32:44.909Z] >>> HTTP REQUEST POST https://cloudresourcemanager.googleapis.com/v1/projects/memo-chatbot:testIamPermissions  

[debug] [2019-07-22T09:32:46.300Z] <<< HTTP RESPONSE 200
[debug] [2019-07-22T09:32:46.302Z] >>> HTTP REQUEST GET https://firebase.googleapis.com/v1beta1/projects/memo-chatbot  
 
[debug] [2019-07-22T09:32:46.662Z] <<< HTTP RESPONSE 200
[info] 
[info] === Deploying to 'memo-chatbot'...
[info] 
[info] i  deploying hosting
[debug] [2019-07-22T09:32:46.671Z] >>> HTTP REQUEST POST https://firebasehosting.googleapis.com/v1beta1/sites/memo-chatbot/versions  

